2019-08-10__23:59:24 1 / 45083 29056 33%
2019-08-10__23:59:24 1 /boot 980 797 13%
2019-08-10__23:59:24 1 /home 45091 29945 30%
2019-08-10__23:59:24 1 /media/pucy/58C6149DC6147D86 102400 64225 38%
2019-08-10__23:59:24 1 /media/pucy/娱乐 290310 100575 66%
2019-08-10__23:59:24 1 /media/pucy/文档 290810 243883 17%
2019-08-10__23:59:24 1 /media/pucy/soft 167938 163277 3%
2019-08-10__23:59:24 0 disk 942612 631758 33%
2019-08-10__23:59:26 1 / 45083 29056 33%
2019-08-10__23:59:26 1 /boot 980 797 13%
2019-08-10__23:59:26 1 /home 45091 29945 30%
2019-08-10__23:59:26 1 /media/pucy/58C6149DC6147D86 102400 64225 38%
2019-08-10__23:59:26 1 /media/pucy/娱乐 290310 100575 66%
2019-08-10__23:59:26 1 /media/pucy/文档 290810 243883 17%
2019-08-10__23:59:26 1 /media/pucy/soft 167938 163277 3%
2019-08-10__23:59:26 0 disk 942612 631758 33%
2019-08-10__23:59:28 1 / 45083 29056 33%
2019-08-10__23:59:28 1 /boot 980 797 13%
2019-08-10__23:59:28 1 /home 45091 29945 30%
2019-08-10__23:59:28 1 /media/pucy/58C6149DC6147D86 102400 64225 38%
2019-08-10__23:59:28 1 /media/pucy/娱乐 290310 100575 66%
2019-08-10__23:59:28 1 /media/pucy/文档 290810 243883 17%
2019-08-10__23:59:28 1 /media/pucy/soft 167938 163277 3%
2019-08-10__23:59:28 0 disk 942612 631758 33%
2019-08-10__23:59:30 1 / 45083 29056 33%
2019-08-10__23:59:30 1 /boot 980 797 13%
2019-08-10__23:59:30 1 /home 45091 29945 30%
2019-08-10__23:59:30 1 /media/pucy/58C6149DC6147D86 102400 64225 38%
2019-08-10__23:59:30 1 /media/pucy/娱乐 290310 100575 66%
2019-08-10__23:59:30 1 /media/pucy/文档 290810 243883 17%
2019-08-10__23:59:30 1 /media/pucy/soft 167938 163277 3%
2019-08-10__23:59:30 0 disk 942612 631758 33%
2019-08-10__23:59:32 1 / 45083 29056 33%
2019-08-10__23:59:32 1 /boot 980 797 13%
2019-08-10__23:59:32 1 /home 45091 29945 30%
2019-08-10__23:59:32 1 /media/pucy/58C6149DC6147D86 102400 64225 38%
2019-08-10__23:59:32 1 /media/pucy/娱乐 290310 100575 66%
2019-08-10__23:59:32 1 /media/pucy/文档 290810 243883 17%
2019-08-10__23:59:32 1 /media/pucy/soft 167938 163277 3%
2019-08-10__23:59:32 0 disk 942612 631758 33%
