2019-08-10__23:36:40 0.27 0.44 0.42 1.00 27.80℃ normal
2019-08-10__23:36:43 0.27 0.44 0.42 2.00 27.80℃ normal
2019-08-10__23:36:45 0.33 0.45 0.42 5.45 27.80℃ normal
2019-08-10__23:36:48 0.33 0.45 0.42 0.50 27.80℃ normal
2019-08-10__23:36:50 0.30 0.45 0.42 5.50 27.80℃ normal
2019-08-10__23:38:47 0.18 0.39 0.40 5.92 27.80℃ normal
2019-08-10__23:38:49 0.17 0.38 0.40 1.00 27.80℃ normal
2019-08-10__23:38:52 0.17 0.38 0.40 1.51 27.80℃ normal
2019-08-10__23:38:54 0.31 0.41 0.41 2.50 27.80℃ normal
2019-08-10__23:38:57 0.31 0.41 0.41 4.50 27.80℃ normal
2019-08-10__23:38:59 0.29 0.40 0.40 2.00 27.80℃ normal
2019-08-10__23:39:02 0.29 0.40 0.40 1.00 27.80℃ normal
2019-08-10__23:39:04 0.27 0.39 0.40 2.52 27.80℃ normal
2019-08-10__23:39:07 0.27 0.39 0.40 4.50 27.80℃ normal
2019-08-10__23:39:09 0.24 0.39 0.40 0.50 27.80℃ normal
2019-08-10__23:39:12 0.24 0.39 0.40 1.49 27.80℃ normal
2019-08-10__23:39:14 0.22 0.38 0.40 2.52 27.80℃ normal
2019-08-10__23:39:17 0.22 0.38 0.40 4.53 27.80℃ normal
2019-08-10__23:39:19 0.21 0.37 0.39 0.50 27.80℃ normal
2019-08-10__23:39:22 0.21 0.37 0.39 2.62 27.80℃ normal
2019-08-10__23:42:25 0.44 0.39 0.39 5.45 27.80℃ normal
2019-08-10__23:42:28 0.44 0.39 0.39 1.00 27.80℃ normal
2019-08-10__23:42:30 0.40 0.38 0.39 1.49 27.80℃ normal
2019-08-10__23:42:33 0.40 0.38 0.39 3.99 27.80℃ normal
2019-08-10__23:42:35 0.37 0.38 0.39 4.05 27.80℃ normal
2019-08-10__23:42:38 0.37 0.38 0.39 0.50 27.80℃ normal
2019-08-10__23:42:40 0.34 0.37 0.39 1.50 27.80℃ normal
2019-08-10__23:42:43 0.34 0.37 0.39 2.00 27.80℃ normal
2019-08-10__23:42:45 0.31 0.36 0.38 4.05 27.80℃ normal
2019-08-10__23:42:48 0.31 0.36 0.38 0.50 27.80℃ normal
2019-08-10__23:42:50 0.29 0.36 0.38 0.50 27.80℃ normal
2019-08-10__23:42:53 0.29 0.36 0.38 2.49 27.80℃ normal
2019-08-10__23:42:55 0.27 0.35 0.38 4.98 27.80℃ normal
2019-08-10__23:42:58 0.27 0.35 0.38 1.00 27.80℃ normal
2019-08-10__23:43:00 0.40 0.38 0.39 1.00 27.80℃ normal
2019-08-10__23:43:03 0.40 0.38 0.39 1.51 27.80℃ normal
2019-08-10__23:43:05 0.37 0.37 0.38 4.53 27.80℃ normal
2019-08-10__23:43:08 0.37 0.37 0.38 0.50 27.80℃ normal
2019-08-10__23:43:10 0.34 0.37 0.38 1.00 27.80℃ normal
2019-08-10__23:43:13 0.34 0.37 0.38 4.48 27.80℃ normal
2019-08-10__23:43:15 0.31 0.36 0.38 5.48 27.80℃ normal
2019-08-10__23:43:18 0.31 0.36 0.38 1.00 27.80℃ normal
2019-08-10__23:43:20 0.29 0.35 0.38 1.00 27.80℃ normal
2019-08-10__23:43:23 0.29 0.35 0.38 1.51 27.80℃ normal
2019-08-10__23:43:25 0.27 0.35 0.37 4.05 27.80℃ normal
2019-08-10__23:43:28 0.27 0.35 0.37 3.47 27.80℃ normal
2019-08-10__23:43:31 0.24 0.34 0.37 0.50 27.80℃ normal
2019-08-10__23:43:33 0.24 0.34 0.37 2.49 27.80℃ normal
2019-08-10__23:43:36 0.30 0.35 0.38 4.48 27.80℃ normal
2019-08-10__23:43:38 0.30 0.35 0.38 2.49 27.80℃ normal
2019-08-10__23:43:41 0.28 0.35 0.37 0.50 27.80℃ normal
2019-08-10__23:43:43 0.28 0.35 0.37 1.02 27.80℃ normal
2019-08-10__23:43:46 0.34 0.36 0.38 2.52 27.80℃ normal
2019-08-10__23:43:48 0.34 0.36 0.38 2.99 27.80℃ normal
2019-08-10__23:43:51 0.39 0.37 0.38 1.00 27.80℃ normal
2019-08-10__23:43:53 0.39 0.37 0.38 2.00 27.80℃ normal
2019-08-10__23:43:56 0.36 0.36 0.38 2.02 27.80℃ normal
2019-08-10__23:43:58 0.36 0.36 0.38 2.98 27.80℃ normal
2019-08-10__23:44:01 0.33 0.36 0.38 1.50 27.80℃ normal
2019-08-10__23:44:03 0.33 0.36 0.38 4.93 27.80℃ normal
2019-08-10__23:58:54 0.51 0.33 0.31 6.90 27.80℃ normal
2019-08-10__23:58:57 0.47 0.32 0.30 0.50 27.80℃ normal
2019-08-10__23:58:59 0.47 0.32 0.30 1.00 27.80℃ normal
2019-08-10__23:59:02 0.43 0.32 0.30 1.49 27.80℃ normal
2019-08-10__23:59:04 0.43 0.32 0.30 6.47 27.80℃ normal
2019-08-10__23:59:07 0.40 0.31 0.30 0.50 27.80℃ normal
2019-08-10__23:59:09 0.40 0.31 0.30 0.50 27.80℃ normal
2019-08-10__23:59:12 0.36 0.31 0.30 2.00 27.80℃ normal
2019-08-10__23:59:14 0.36 0.31 0.30 4.53 27.80℃ normal
2019-08-10__23:59:17 0.34 0.30 0.30 1.00 27.80℃ normal
2019-08-10__23:59:19 0.31 0.30 0.29 1.49 27.80℃ normal
2019-08-10__23:59:22 0.31 0.30 0.29 4.00 27.80℃ normal
2019-08-10__23:59:24 0.28 0.29 0.29 5.48 27.80℃ normal
2019-08-10__23:59:27 0.28 0.29 0.29 1.00 27.80℃ normal
2019-08-10__23:59:29 0.26 0.29 0.29 5.56 27.80℃ normal
