2019-08-10__23:36:45 1 / 45083 29056 33%
2019-08-10__23:36:45 1 /boot 980 797 13%
2019-08-10__23:36:45 1 /home 45091 29945 30%
2019-08-10__23:36:45 1 /media/pucy/58C6149DC6147D86 102400 64225 38%
2019-08-10__23:36:45 1 /media/pucy/娱乐 290310 100575 66%
2019-08-10__23:36:45 1 /media/pucy/文档 290810 243883 17%
2019-08-10__23:36:45 1 /media/pucy/soft 167938 163277 3%
2019-08-10__23:36:45 0 disk 942612 631758 33%
2019-08-10__23:36:47 1 / 45083 29056 33%
2019-08-10__23:36:47 1 /boot 980 797 13%
2019-08-10__23:36:47 1 /home 45091 29945 30%
2019-08-10__23:36:47 1 /media/pucy/58C6149DC6147D86 102400 64225 38%
2019-08-10__23:36:47 1 /media/pucy/娱乐 290310 100575 66%
2019-08-10__23:36:47 1 /media/pucy/文档 290810 243883 17%
2019-08-10__23:36:47 1 /media/pucy/soft 167938 163277 3%
2019-08-10__23:36:47 0 disk 942612 631758 33%
2019-08-10__23:36:49 1 / 45083 29056 33%
2019-08-10__23:36:49 1 /boot 980 797 13%
2019-08-10__23:36:49 1 /home 45091 29945 30%
2019-08-10__23:36:49 1 /media/pucy/58C6149DC6147D86 102400 64225 38%
2019-08-10__23:36:49 1 /media/pucy/娱乐 290310 100575 66%
2019-08-10__23:36:49 1 /media/pucy/文档 290810 243883 17%
2019-08-10__23:36:49 1 /media/pucy/soft 167938 163277 3%
2019-08-10__23:36:49 0 disk 942612 631758 33%
2019-08-10__23:36:51 1 / 45083 29056 33%
2019-08-10__23:36:51 1 /boot 980 797 13%
2019-08-10__23:36:51 1 /home 45091 29945 30%
2019-08-10__23:36:51 1 /media/pucy/58C6149DC6147D86 102400 64225 38%
2019-08-10__23:36:51 1 /media/pucy/娱乐 290310 100575 66%
2019-08-10__23:36:51 1 /media/pucy/文档 290810 243883 17%
2019-08-10__23:36:51 1 /media/pucy/soft 167938 163277 3%
2019-08-10__23:36:51 0 disk 942612 631758 33%
2019-08-10__23:36:53 1 / 45083 29056 33%
2019-08-10__23:36:53 1 /boot 980 797 13%
2019-08-10__23:36:53 1 /home 45091 29945 30%
2019-08-10__23:36:53 1 /media/pucy/58C6149DC6147D86 102400 64225 38%
2019-08-10__23:36:53 1 /media/pucy/娱乐 290310 100575 66%
2019-08-10__23:36:53 1 /media/pucy/文档 290810 243883 17%
2019-08-10__23:36:53 1 /media/pucy/soft 167938 163277 3%
2019-08-10__23:36:53 0 disk 942612 631758 33%
2019-08-10__23:38:47 1 / 45083 29056 33%
2019-08-10__23:38:47 1 /boot 980 797 13%
2019-08-10__23:38:47 1 /home 45091 29945 30%
2019-08-10__23:38:47 1 /media/pucy/58C6149DC6147D86 102400 64225 38%
2019-08-10__23:38:47 1 /media/pucy/娱乐 290310 100575 66%
2019-08-10__23:38:47 1 /media/pucy/文档 290810 243883 17%
2019-08-10__23:38:47 1 /media/pucy/soft 167938 163277 3%
2019-08-10__23:38:47 0 disk 942612 631758 33%
2019-08-10__23:38:49 1 / 45083 29056 33%
2019-08-10__23:38:49 1 /boot 980 797 13%
2019-08-10__23:38:49 1 /home 45091 29945 30%
2019-08-10__23:38:49 1 /media/pucy/58C6149DC6147D86 102400 64225 38%
2019-08-10__23:38:49 1 /media/pucy/娱乐 290310 100575 66%
2019-08-10__23:38:49 1 /media/pucy/文档 290810 243883 17%
2019-08-10__23:38:49 1 /media/pucy/soft 167938 163277 3%
2019-08-10__23:38:49 0 disk 942612 631758 33%
2019-08-10__23:38:51 1 / 45083 29056 33%
2019-08-10__23:38:51 1 /boot 980 797 13%
2019-08-10__23:38:51 1 /home 45091 29945 30%
2019-08-10__23:38:51 1 /media/pucy/58C6149DC6147D86 102400 64225 38%
2019-08-10__23:38:51 1 /media/pucy/娱乐 290310 100575 66%
2019-08-10__23:38:51 1 /media/pucy/文档 290810 243883 17%
2019-08-10__23:38:51 1 /media/pucy/soft 167938 163277 3%
2019-08-10__23:38:51 0 disk 942612 631758 33%
2019-08-10__23:38:53 1 / 45083 29056 33%
2019-08-10__23:38:53 1 /boot 980 797 13%
2019-08-10__23:38:53 1 /home 45091 29945 30%
2019-08-10__23:38:53 1 /media/pucy/58C6149DC6147D86 102400 64225 38%
2019-08-10__23:38:53 1 /media/pucy/娱乐 290310 100575 66%
2019-08-10__23:38:53 1 /media/pucy/文档 290810 243883 17%
2019-08-10__23:38:53 1 /media/pucy/soft 167938 163277 3%
2019-08-10__23:38:53 0 disk 942612 631758 33%
2019-08-10__23:38:55 1 / 45083 29056 33%
2019-08-10__23:38:55 1 /boot 980 797 13%
2019-08-10__23:38:55 1 /home 45091 29945 30%
2019-08-10__23:38:55 1 /media/pucy/58C6149DC6147D86 102400 64225 38%
2019-08-10__23:38:55 1 /media/pucy/娱乐 290310 100575 66%
2019-08-10__23:38:55 1 /media/pucy/文档 290810 243883 17%
2019-08-10__23:38:55 1 /media/pucy/soft 167938 163277 3%
2019-08-10__23:38:55 0 disk 942612 631758 33%
2019-08-10__23:38:57 1 / 45083 29056 33%
2019-08-10__23:38:57 1 /boot 980 797 13%
2019-08-10__23:38:57 1 /home 45091 29945 30%
2019-08-10__23:38:57 1 /media/pucy/58C6149DC6147D86 102400 64225 38%
2019-08-10__23:38:57 1 /media/pucy/娱乐 290310 100575 66%
2019-08-10__23:38:57 1 /media/pucy/文档 290810 243883 17%
2019-08-10__23:38:57 1 /media/pucy/soft 167938 163277 3%
2019-08-10__23:38:57 0 disk 942612 631758 33%
2019-08-10__23:38:59 1 / 45083 29056 33%
2019-08-10__23:38:59 1 /boot 980 797 13%
2019-08-10__23:38:59 1 /home 45091 29945 30%
2019-08-10__23:38:59 1 /media/pucy/58C6149DC6147D86 102400 64225 38%
2019-08-10__23:38:59 1 /media/pucy/娱乐 290310 100575 66%
2019-08-10__23:38:59 1 /media/pucy/文档 290810 243883 17%
2019-08-10__23:38:59 1 /media/pucy/soft 167938 163277 3%
2019-08-10__23:38:59 0 disk 942612 631758 33%
2019-08-10__23:39:01 1 / 45083 29056 33%
2019-08-10__23:39:01 1 /boot 980 797 13%
2019-08-10__23:39:01 1 /home 45091 29945 30%
2019-08-10__23:39:01 1 /media/pucy/58C6149DC6147D86 102400 64225 38%
2019-08-10__23:39:01 1 /media/pucy/娱乐 290310 100575 66%
2019-08-10__23:39:01 1 /media/pucy/文档 290810 243883 17%
2019-08-10__23:39:01 1 /media/pucy/soft 167938 163277 3%
2019-08-10__23:39:01 0 disk 942612 631758 33%
2019-08-10__23:39:03 1 / 45083 29056 33%
2019-08-10__23:39:03 1 /boot 980 797 13%
2019-08-10__23:39:03 1 /home 45091 29945 30%
2019-08-10__23:39:03 1 /media/pucy/58C6149DC6147D86 102400 64225 38%
2019-08-10__23:39:03 1 /media/pucy/娱乐 290310 100575 66%
2019-08-10__23:39:03 1 /media/pucy/文档 290810 243883 17%
2019-08-10__23:39:03 1 /media/pucy/soft 167938 163277 3%
2019-08-10__23:39:03 0 disk 942612 631758 33%
2019-08-10__23:39:05 1 / 45083 29056 33%
2019-08-10__23:39:05 1 /boot 980 797 13%
2019-08-10__23:39:05 1 /home 45091 29945 30%
2019-08-10__23:39:05 1 /media/pucy/58C6149DC6147D86 102400 64225 38%
2019-08-10__23:39:05 1 /media/pucy/娱乐 290310 100575 66%
2019-08-10__23:39:05 1 /media/pucy/文档 290810 243883 17%
2019-08-10__23:39:05 1 /media/pucy/soft 167938 163277 3%
2019-08-10__23:39:05 0 disk 942612 631758 33%
2019-08-10__23:39:07 1 / 45083 29056 33%
2019-08-10__23:39:07 1 /boot 980 797 13%
2019-08-10__23:39:07 1 /home 45091 29945 30%
2019-08-10__23:39:07 1 /media/pucy/58C6149DC6147D86 102400 64225 38%
2019-08-10__23:39:07 1 /media/pucy/娱乐 290310 100575 66%
2019-08-10__23:39:07 1 /media/pucy/文档 290810 243883 17%
2019-08-10__23:39:07 1 /media/pucy/soft 167938 163277 3%
2019-08-10__23:39:07 0 disk 942612 631758 33%
2019-08-10__23:39:09 1 / 45083 29056 33%
2019-08-10__23:39:09 1 /boot 980 797 13%
2019-08-10__23:39:09 1 /home 45091 29945 30%
2019-08-10__23:39:09 1 /media/pucy/58C6149DC6147D86 102400 64225 38%
2019-08-10__23:39:09 1 /media/pucy/娱乐 290310 100575 66%
2019-08-10__23:39:09 1 /media/pucy/文档 290810 243883 17%
2019-08-10__23:39:09 1 /media/pucy/soft 167938 163277 3%
2019-08-10__23:39:09 0 disk 942612 631758 33%
2019-08-10__23:39:11 1 / 45083 29056 33%
2019-08-10__23:39:11 1 /boot 980 797 13%
2019-08-10__23:39:11 1 /home 45091 29945 30%
2019-08-10__23:39:11 1 /media/pucy/58C6149DC6147D86 102400 64225 38%
2019-08-10__23:39:11 1 /media/pucy/娱乐 290310 100575 66%
2019-08-10__23:39:11 1 /media/pucy/文档 290810 243883 17%
2019-08-10__23:39:11 1 /media/pucy/soft 167938 163277 3%
2019-08-10__23:39:11 0 disk 942612 631758 33%
2019-08-10__23:39:13 1 / 45083 29056 33%
2019-08-10__23:39:13 1 /boot 980 797 13%
2019-08-10__23:39:13 1 /home 45091 29945 30%
2019-08-10__23:39:13 1 /media/pucy/58C6149DC6147D86 102400 64225 38%
2019-08-10__23:39:13 1 /media/pucy/娱乐 290310 100575 66%
2019-08-10__23:39:13 1 /media/pucy/文档 290810 243883 17%
2019-08-10__23:39:13 1 /media/pucy/soft 167938 163277 3%
2019-08-10__23:39:13 0 disk 942612 631758 33%
2019-08-10__23:39:15 1 / 45083 29056 33%
2019-08-10__23:39:15 1 /boot 980 797 13%
2019-08-10__23:39:15 1 /home 45091 29945 30%
2019-08-10__23:39:15 1 /media/pucy/58C6149DC6147D86 102400 64225 38%
2019-08-10__23:39:15 1 /media/pucy/娱乐 290310 100575 66%
2019-08-10__23:39:15 1 /media/pucy/文档 290810 243883 17%
2019-08-10__23:39:15 1 /media/pucy/soft 167938 163277 3%
2019-08-10__23:39:15 0 disk 942612 631758 33%
2019-08-10__23:42:25 1 / 45083 29056 33%
2019-08-10__23:42:25 1 /boot 980 797 13%
2019-08-10__23:42:25 1 /home 45091 29945 30%
2019-08-10__23:42:25 1 /media/pucy/58C6149DC6147D86 102400 64225 38%
2019-08-10__23:42:25 1 /media/pucy/娱乐 290310 100575 66%
2019-08-10__23:42:25 1 /media/pucy/文档 290810 243883 17%
2019-08-10__23:42:25 1 /media/pucy/soft 167938 163277 3%
2019-08-10__23:42:25 0 disk 942612 631758 33%
2019-08-10__23:42:27 1 / 45083 29056 33%
2019-08-10__23:42:27 1 /boot 980 797 13%
2019-08-10__23:42:27 1 /home 45091 29945 30%
2019-08-10__23:42:27 1 /media/pucy/58C6149DC6147D86 102400 64225 38%
2019-08-10__23:42:27 1 /media/pucy/娱乐 290310 100575 66%
2019-08-10__23:42:27 1 /media/pucy/文档 290810 243883 17%
2019-08-10__23:42:27 1 /media/pucy/soft 167938 163277 3%
2019-08-10__23:42:27 0 disk 942612 631758 33%
2019-08-10__23:42:29 1 / 45083 29056 33%
2019-08-10__23:42:29 1 /boot 980 797 13%
2019-08-10__23:42:29 1 /home 45091 29945 30%
2019-08-10__23:42:29 1 /media/pucy/58C6149DC6147D86 102400 64225 38%
2019-08-10__23:42:29 1 /media/pucy/娱乐 290310 100575 66%
2019-08-10__23:42:29 1 /media/pucy/文档 290810 243883 17%
2019-08-10__23:42:29 1 /media/pucy/soft 167938 163277 3%
2019-08-10__23:42:29 0 disk 942612 631758 33%
2019-08-10__23:42:31 1 / 45083 29056 33%
2019-08-10__23:42:31 1 /boot 980 797 13%
2019-08-10__23:42:31 1 /home 45091 29945 30%
2019-08-10__23:42:31 1 /media/pucy/58C6149DC6147D86 102400 64225 38%
2019-08-10__23:42:31 1 /media/pucy/娱乐 290310 100575 66%
2019-08-10__23:42:31 1 /media/pucy/文档 290810 243883 17%
2019-08-10__23:42:31 1 /media/pucy/soft 167938 163277 3%
2019-08-10__23:42:31 0 disk 942612 631758 33%
2019-08-10__23:42:33 1 / 45083 29056 33%
2019-08-10__23:42:33 1 /boot 980 797 13%
2019-08-10__23:42:33 1 /home 45091 29945 30%
2019-08-10__23:42:33 1 /media/pucy/58C6149DC6147D86 102400 64225 38%
2019-08-10__23:42:33 1 /media/pucy/娱乐 290310 100575 66%
2019-08-10__23:42:33 1 /media/pucy/文档 290810 243883 17%
2019-08-10__23:42:33 1 /media/pucy/soft 167938 163277 3%
2019-08-10__23:42:33 0 disk 942612 631758 33%
2019-08-10__23:42:35 1 / 45083 29056 33%
2019-08-10__23:42:35 1 /boot 980 797 13%
2019-08-10__23:42:35 1 /home 45091 29945 30%
2019-08-10__23:42:35 1 /media/pucy/58C6149DC6147D86 102400 64225 38%
2019-08-10__23:42:35 1 /media/pucy/娱乐 290310 100575 66%
2019-08-10__23:42:35 1 /media/pucy/文档 290810 243883 17%
2019-08-10__23:42:35 1 /media/pucy/soft 167938 163277 3%
2019-08-10__23:42:35 0 disk 942612 631758 33%
2019-08-10__23:42:37 1 / 45083 29056 33%
2019-08-10__23:42:37 1 /boot 980 797 13%
2019-08-10__23:42:37 1 /home 45091 29945 30%
2019-08-10__23:42:37 1 /media/pucy/58C6149DC6147D86 102400 64225 38%
2019-08-10__23:42:37 1 /media/pucy/娱乐 290310 100575 66%
2019-08-10__23:42:37 1 /media/pucy/文档 290810 243883 17%
2019-08-10__23:42:37 1 /media/pucy/soft 167938 163277 3%
2019-08-10__23:42:37 0 disk 942612 631758 33%
2019-08-10__23:42:39 1 / 45083 29056 33%
2019-08-10__23:42:39 1 /boot 980 797 13%
2019-08-10__23:42:39 1 /home 45091 29945 30%
2019-08-10__23:42:39 1 /media/pucy/58C6149DC6147D86 102400 64225 38%
2019-08-10__23:42:39 1 /media/pucy/娱乐 290310 100575 66%
2019-08-10__23:42:39 1 /media/pucy/文档 290810 243883 17%
2019-08-10__23:42:39 1 /media/pucy/soft 167938 163277 3%
2019-08-10__23:42:39 0 disk 942612 631758 33%
2019-08-10__23:42:41 1 / 45083 29056 33%
2019-08-10__23:42:41 1 /boot 980 797 13%
2019-08-10__23:42:41 1 /home 45091 29945 30%
2019-08-10__23:42:41 1 /media/pucy/58C6149DC6147D86 102400 64225 38%
2019-08-10__23:42:41 1 /media/pucy/娱乐 290310 100575 66%
2019-08-10__23:42:41 1 /media/pucy/文档 290810 243883 17%
2019-08-10__23:42:41 1 /media/pucy/soft 167938 163277 3%
2019-08-10__23:42:41 0 disk 942612 631758 33%
2019-08-10__23:42:43 1 / 45083 29056 33%
2019-08-10__23:42:43 1 /boot 980 797 13%
2019-08-10__23:42:43 1 /home 45091 29945 30%
2019-08-10__23:42:43 1 /media/pucy/58C6149DC6147D86 102400 64225 38%
2019-08-10__23:42:43 1 /media/pucy/娱乐 290310 100575 66%
2019-08-10__23:42:43 1 /media/pucy/文档 290810 243883 17%
2019-08-10__23:42:43 1 /media/pucy/soft 167938 163277 3%
2019-08-10__23:42:43 0 disk 942612 631758 33%
2019-08-10__23:42:45 1 / 45083 29056 33%
2019-08-10__23:42:45 1 /boot 980 797 13%
2019-08-10__23:42:45 1 /home 45091 29945 30%
2019-08-10__23:42:45 1 /media/pucy/58C6149DC6147D86 102400 64225 38%
2019-08-10__23:42:45 1 /media/pucy/娱乐 290310 100575 66%
2019-08-10__23:42:45 1 /media/pucy/文档 290810 243883 17%
2019-08-10__23:42:45 1 /media/pucy/soft 167938 163277 3%
2019-08-10__23:42:45 0 disk 942612 631758 33%
2019-08-10__23:42:47 1 / 45083 29056 33%
2019-08-10__23:42:47 1 /boot 980 797 13%
2019-08-10__23:42:47 1 /home 45091 29945 30%
2019-08-10__23:42:47 1 /media/pucy/58C6149DC6147D86 102400 64225 38%
2019-08-10__23:42:47 1 /media/pucy/娱乐 290310 100575 66%
2019-08-10__23:42:47 1 /media/pucy/文档 290810 243883 17%
2019-08-10__23:42:47 1 /media/pucy/soft 167938 163277 3%
2019-08-10__23:42:47 0 disk 942612 631758 33%
2019-08-10__23:42:49 1 / 45083 29056 33%
2019-08-10__23:42:49 1 /boot 980 797 13%
2019-08-10__23:42:49 1 /home 45091 29945 30%
2019-08-10__23:42:49 1 /media/pucy/58C6149DC6147D86 102400 64225 38%
2019-08-10__23:42:49 1 /media/pucy/娱乐 290310 100575 66%
2019-08-10__23:42:49 1 /media/pucy/文档 290810 243883 17%
2019-08-10__23:42:49 1 /media/pucy/soft 167938 163277 3%
2019-08-10__23:42:49 0 disk 942612 631758 33%
2019-08-10__23:42:51 1 / 45083 29056 33%
2019-08-10__23:42:51 1 /boot 980 797 13%
2019-08-10__23:42:51 1 /home 45091 29945 30%
2019-08-10__23:42:51 1 /media/pucy/58C6149DC6147D86 102400 64225 38%
2019-08-10__23:42:51 1 /media/pucy/娱乐 290310 100575 66%
2019-08-10__23:42:51 1 /media/pucy/文档 290810 243883 17%
2019-08-10__23:42:51 1 /media/pucy/soft 167938 163277 3%
2019-08-10__23:42:51 0 disk 942612 631758 33%
2019-08-10__23:42:53 1 / 45083 29056 33%
2019-08-10__23:42:53 1 /boot 980 797 13%
2019-08-10__23:42:53 1 /home 45091 29945 30%
2019-08-10__23:42:53 1 /media/pucy/58C6149DC6147D86 102400 64225 38%
2019-08-10__23:42:53 1 /media/pucy/娱乐 290310 100575 66%
2019-08-10__23:42:53 1 /media/pucy/文档 290810 243883 17%
2019-08-10__23:42:53 1 /media/pucy/soft 167938 163277 3%
2019-08-10__23:42:53 0 disk 942612 631758 33%
2019-08-10__23:42:55 1 / 45083 29056 33%
2019-08-10__23:42:55 1 /boot 980 797 13%
2019-08-10__23:42:55 1 /home 45091 29945 30%
2019-08-10__23:42:55 1 /media/pucy/58C6149DC6147D86 102400 64225 38%
2019-08-10__23:42:55 1 /media/pucy/娱乐 290310 100575 66%
2019-08-10__23:42:55 1 /media/pucy/文档 290810 243883 17%
2019-08-10__23:42:55 1 /media/pucy/soft 167938 163277 3%
2019-08-10__23:42:55 0 disk 942612 631758 33%
2019-08-10__23:42:57 1 / 45083 29056 33%
2019-08-10__23:42:57 1 /boot 980 797 13%
2019-08-10__23:42:57 1 /home 45091 29945 30%
2019-08-10__23:42:57 1 /media/pucy/58C6149DC6147D86 102400 64225 38%
2019-08-10__23:42:57 1 /media/pucy/娱乐 290310 100575 66%
2019-08-10__23:42:57 1 /media/pucy/文档 290810 243883 17%
2019-08-10__23:42:57 1 /media/pucy/soft 167938 163277 3%
2019-08-10__23:42:57 0 disk 942612 631758 33%
2019-08-10__23:42:59 1 / 45083 29056 33%
2019-08-10__23:42:59 1 /boot 980 797 13%
2019-08-10__23:42:59 1 /home 45091 29945 30%
2019-08-10__23:42:59 1 /media/pucy/58C6149DC6147D86 102400 64225 38%
2019-08-10__23:42:59 1 /media/pucy/娱乐 290310 100575 66%
2019-08-10__23:42:59 1 /media/pucy/文档 290810 243883 17%
2019-08-10__23:42:59 1 /media/pucy/soft 167938 163277 3%
2019-08-10__23:42:59 0 disk 942612 631758 33%
2019-08-10__23:43:01 1 / 45083 29056 33%
2019-08-10__23:43:01 1 /boot 980 797 13%
2019-08-10__23:43:01 1 /home 45091 29945 30%
2019-08-10__23:43:01 1 /media/pucy/58C6149DC6147D86 102400 64225 38%
2019-08-10__23:43:01 1 /media/pucy/娱乐 290310 100575 66%
2019-08-10__23:43:01 1 /media/pucy/文档 290810 243883 17%
2019-08-10__23:43:01 1 /media/pucy/soft 167938 163277 3%
2019-08-10__23:43:01 0 disk 942612 631758 33%
2019-08-10__23:43:03 1 / 45083 29056 33%
2019-08-10__23:43:03 1 /boot 980 797 13%
2019-08-10__23:43:03 1 /home 45091 29945 30%
2019-08-10__23:43:03 1 /media/pucy/58C6149DC6147D86 102400 64225 38%
2019-08-10__23:43:03 1 /media/pucy/娱乐 290310 100575 66%
2019-08-10__23:43:03 1 /media/pucy/文档 290810 243883 17%
2019-08-10__23:43:03 1 /media/pucy/soft 167938 163277 3%
2019-08-10__23:43:03 0 disk 942612 631758 33%
2019-08-10__23:43:05 1 / 45083 29056 33%
2019-08-10__23:43:05 1 /boot 980 797 13%
2019-08-10__23:43:05 1 /home 45091 29945 30%
2019-08-10__23:43:05 1 /media/pucy/58C6149DC6147D86 102400 64225 38%
2019-08-10__23:43:05 1 /media/pucy/娱乐 290310 100575 66%
2019-08-10__23:43:05 1 /media/pucy/文档 290810 243883 17%
2019-08-10__23:43:05 1 /media/pucy/soft 167938 163277 3%
2019-08-10__23:43:05 0 disk 942612 631758 33%
2019-08-10__23:43:07 1 / 45083 29056 33%
2019-08-10__23:43:07 1 /boot 980 797 13%
2019-08-10__23:43:07 1 /home 45091 29945 30%
2019-08-10__23:43:07 1 /media/pucy/58C6149DC6147D86 102400 64225 38%
2019-08-10__23:43:07 1 /media/pucy/娱乐 290310 100575 66%
2019-08-10__23:43:07 1 /media/pucy/文档 290810 243883 17%
2019-08-10__23:43:07 1 /media/pucy/soft 167938 163277 3%
2019-08-10__23:43:07 0 disk 942612 631758 33%
2019-08-10__23:43:09 1 / 45083 29056 33%
2019-08-10__23:43:09 1 /boot 980 797 13%
2019-08-10__23:43:09 1 /home 45091 29945 30%
2019-08-10__23:43:09 1 /media/pucy/58C6149DC6147D86 102400 64225 38%
2019-08-10__23:43:09 1 /media/pucy/娱乐 290310 100575 66%
2019-08-10__23:43:09 1 /media/pucy/文档 290810 243883 17%
2019-08-10__23:43:09 1 /media/pucy/soft 167938 163277 3%
2019-08-10__23:43:09 0 disk 942612 631758 33%
2019-08-10__23:43:11 1 / 45083 29056 33%
2019-08-10__23:43:11 1 /boot 980 797 13%
2019-08-10__23:43:11 1 /home 45091 29945 30%
2019-08-10__23:43:11 1 /media/pucy/58C6149DC6147D86 102400 64225 38%
2019-08-10__23:43:11 1 /media/pucy/娱乐 290310 100575 66%
2019-08-10__23:43:11 1 /media/pucy/文档 290810 243883 17%
2019-08-10__23:43:11 1 /media/pucy/soft 167938 163277 3%
2019-08-10__23:43:11 0 disk 942612 631758 33%
2019-08-10__23:43:13 1 / 45083 29056 33%
2019-08-10__23:43:13 1 /boot 980 797 13%
2019-08-10__23:43:13 1 /home 45091 29945 30%
2019-08-10__23:43:13 1 /media/pucy/58C6149DC6147D86 102400 64225 38%
2019-08-10__23:43:13 1 /media/pucy/娱乐 290310 100575 66%
2019-08-10__23:43:13 1 /media/pucy/文档 290810 243883 17%
2019-08-10__23:43:13 1 /media/pucy/soft 167938 163277 3%
2019-08-10__23:43:13 0 disk 942612 631758 33%
2019-08-10__23:43:15 1 / 45083 29056 33%
2019-08-10__23:43:15 1 /boot 980 797 13%
2019-08-10__23:43:15 1 /home 45091 29945 30%
2019-08-10__23:43:15 1 /media/pucy/58C6149DC6147D86 102400 64225 38%
2019-08-10__23:43:15 1 /media/pucy/娱乐 290310 100575 66%
2019-08-10__23:43:15 1 /media/pucy/文档 290810 243883 17%
2019-08-10__23:43:15 1 /media/pucy/soft 167938 163277 3%
2019-08-10__23:43:15 0 disk 942612 631758 33%
2019-08-10__23:43:17 1 / 45083 29056 33%
2019-08-10__23:43:17 1 /boot 980 797 13%
2019-08-10__23:43:17 1 /home 45091 29945 30%
2019-08-10__23:43:17 1 /media/pucy/58C6149DC6147D86 102400 64225 38%
2019-08-10__23:43:17 1 /media/pucy/娱乐 290310 100575 66%
2019-08-10__23:43:17 1 /media/pucy/文档 290810 243883 17%
2019-08-10__23:43:17 1 /media/pucy/soft 167938 163277 3%
2019-08-10__23:43:17 0 disk 942612 631758 33%
2019-08-10__23:43:19 1 / 45083 29056 33%
2019-08-10__23:43:19 1 /boot 980 797 13%
2019-08-10__23:43:19 1 /home 45091 29945 30%
2019-08-10__23:43:19 1 /media/pucy/58C6149DC6147D86 102400 64225 38%
2019-08-10__23:43:19 1 /media/pucy/娱乐 290310 100575 66%
2019-08-10__23:43:19 1 /media/pucy/文档 290810 243883 17%
2019-08-10__23:43:19 1 /media/pucy/soft 167938 163277 3%
2019-08-10__23:43:19 0 disk 942612 631758 33%
2019-08-10__23:43:21 1 / 45083 29056 33%
2019-08-10__23:43:21 1 /boot 980 797 13%
2019-08-10__23:43:21 1 /home 45091 29945 30%
2019-08-10__23:43:21 1 /media/pucy/58C6149DC6147D86 102400 64225 38%
2019-08-10__23:43:21 1 /media/pucy/娱乐 290310 100575 66%
2019-08-10__23:43:21 1 /media/pucy/文档 290810 243883 17%
2019-08-10__23:43:21 1 /media/pucy/soft 167938 163277 3%
2019-08-10__23:43:21 0 disk 942612 631758 33%
2019-08-10__23:43:23 1 / 45083 29056 33%
2019-08-10__23:43:23 1 /boot 980 797 13%
2019-08-10__23:43:23 1 /home 45091 29945 30%
2019-08-10__23:43:23 1 /media/pucy/58C6149DC6147D86 102400 64225 38%
2019-08-10__23:43:23 1 /media/pucy/娱乐 290310 100575 66%
2019-08-10__23:43:23 1 /media/pucy/文档 290810 243883 17%
2019-08-10__23:43:23 1 /media/pucy/soft 167938 163277 3%
2019-08-10__23:43:23 0 disk 942612 631758 33%
2019-08-10__23:43:25 1 / 45083 29056 33%
2019-08-10__23:43:25 1 /boot 980 797 13%
2019-08-10__23:43:25 1 /home 45091 29945 30%
2019-08-10__23:43:25 1 /media/pucy/58C6149DC6147D86 102400 64225 38%
2019-08-10__23:43:25 1 /media/pucy/娱乐 290310 100575 66%
2019-08-10__23:43:25 1 /media/pucy/文档 290810 243883 17%
2019-08-10__23:43:25 1 /media/pucy/soft 167938 163277 3%
2019-08-10__23:43:25 0 disk 942612 631758 33%
2019-08-10__23:43:27 1 / 45083 29056 33%
2019-08-10__23:43:27 1 /boot 980 797 13%
2019-08-10__23:43:27 1 /home 45091 29945 30%
2019-08-10__23:43:27 1 /media/pucy/58C6149DC6147D86 102400 64225 38%
2019-08-10__23:43:27 1 /media/pucy/娱乐 290310 100575 66%
2019-08-10__23:43:27 1 /media/pucy/文档 290810 243883 17%
2019-08-10__23:43:27 1 /media/pucy/soft 167938 163277 3%
2019-08-10__23:43:27 0 disk 942612 631758 33%
2019-08-10__23:43:29 1 / 45083 29056 33%
2019-08-10__23:43:29 1 /boot 980 797 13%
2019-08-10__23:43:29 1 /home 45091 29945 30%
2019-08-10__23:43:29 1 /media/pucy/58C6149DC6147D86 102400 64225 38%
2019-08-10__23:43:29 1 /media/pucy/娱乐 290310 100575 66%
2019-08-10__23:43:29 1 /media/pucy/文档 290810 243883 17%
2019-08-10__23:43:29 1 /media/pucy/soft 167938 163277 3%
2019-08-10__23:43:29 0 disk 942612 631758 33%
2019-08-10__23:43:31 1 / 45083 29056 33%
2019-08-10__23:43:31 1 /boot 980 797 13%
2019-08-10__23:43:31 1 /home 45091 29945 30%
2019-08-10__23:43:31 1 /media/pucy/58C6149DC6147D86 102400 64225 38%
2019-08-10__23:43:31 1 /media/pucy/娱乐 290310 100575 66%
2019-08-10__23:43:31 1 /media/pucy/文档 290810 243883 17%
2019-08-10__23:43:31 1 /media/pucy/soft 167938 163277 3%
2019-08-10__23:43:31 0 disk 942612 631758 33%
2019-08-10__23:43:33 1 / 45083 29056 33%
2019-08-10__23:43:33 1 /boot 980 797 13%
2019-08-10__23:43:33 1 /home 45091 29945 30%
2019-08-10__23:43:33 1 /media/pucy/58C6149DC6147D86 102400 64225 38%
2019-08-10__23:43:33 1 /media/pucy/娱乐 290310 100575 66%
2019-08-10__23:43:33 1 /media/pucy/文档 290810 243883 17%
2019-08-10__23:43:33 1 /media/pucy/soft 167938 163277 3%
2019-08-10__23:43:33 0 disk 942612 631758 33%
2019-08-10__23:43:35 1 / 45083 29056 33%
2019-08-10__23:43:35 1 /boot 980 797 13%
2019-08-10__23:43:35 1 /home 45091 29945 30%
2019-08-10__23:43:35 1 /media/pucy/58C6149DC6147D86 102400 64225 38%
2019-08-10__23:43:35 1 /media/pucy/娱乐 290310 100575 66%
2019-08-10__23:43:35 1 /media/pucy/文档 290810 243883 17%
2019-08-10__23:43:35 1 /media/pucy/soft 167938 163277 3%
2019-08-10__23:43:35 0 disk 942612 631758 33%
2019-08-10__23:43:37 1 / 45083 29056 33%
2019-08-10__23:43:37 1 /boot 980 797 13%
2019-08-10__23:43:37 1 /home 45091 29945 30%
2019-08-10__23:43:37 1 /media/pucy/58C6149DC6147D86 102400 64225 38%
2019-08-10__23:43:37 1 /media/pucy/娱乐 290310 100575 66%
2019-08-10__23:43:37 1 /media/pucy/文档 290810 243883 17%
2019-08-10__23:43:37 1 /media/pucy/soft 167938 163277 3%
2019-08-10__23:43:37 0 disk 942612 631758 33%
2019-08-10__23:43:39 1 / 45083 29056 33%
2019-08-10__23:43:39 1 /boot 980 797 13%
2019-08-10__23:43:39 1 /home 45091 29945 30%
2019-08-10__23:43:39 1 /media/pucy/58C6149DC6147D86 102400 64225 38%
2019-08-10__23:43:39 1 /media/pucy/娱乐 290310 100575 66%
2019-08-10__23:43:39 1 /media/pucy/文档 290810 243883 17%
2019-08-10__23:43:39 1 /media/pucy/soft 167938 163277 3%
2019-08-10__23:43:39 0 disk 942612 631758 33%
2019-08-10__23:43:41 1 / 45083 29056 33%
2019-08-10__23:43:41 1 /boot 980 797 13%
2019-08-10__23:43:41 1 /home 45091 29945 30%
2019-08-10__23:43:41 1 /media/pucy/58C6149DC6147D86 102400 64225 38%
2019-08-10__23:43:41 1 /media/pucy/娱乐 290310 100575 66%
2019-08-10__23:43:41 1 /media/pucy/文档 290810 243883 17%
2019-08-10__23:43:41 1 /media/pucy/soft 167938 163277 3%
2019-08-10__23:43:41 0 disk 942612 631758 33%
2019-08-10__23:43:43 1 / 45083 29056 33%
2019-08-10__23:43:43 1 /boot 980 797 13%
2019-08-10__23:43:43 1 /home 45091 29945 30%
2019-08-10__23:43:43 1 /media/pucy/58C6149DC6147D86 102400 64225 38%
2019-08-10__23:43:43 1 /media/pucy/娱乐 290310 100575 66%
2019-08-10__23:43:43 1 /media/pucy/文档 290810 243883 17%
2019-08-10__23:43:43 1 /media/pucy/soft 167938 163277 3%
2019-08-10__23:43:43 0 disk 942612 631758 33%
2019-08-10__23:43:45 1 / 45083 29056 33%
2019-08-10__23:43:45 1 /boot 980 797 13%
2019-08-10__23:43:45 1 /home 45091 29945 30%
2019-08-10__23:43:45 1 /media/pucy/58C6149DC6147D86 102400 64225 38%
2019-08-10__23:43:45 1 /media/pucy/娱乐 290310 100575 66%
2019-08-10__23:43:45 1 /media/pucy/文档 290810 243883 17%
2019-08-10__23:43:45 1 /media/pucy/soft 167938 163277 3%
2019-08-10__23:43:45 0 disk 942612 631758 33%
2019-08-10__23:43:47 1 / 45083 29056 33%
2019-08-10__23:43:47 1 /boot 980 797 13%
2019-08-10__23:43:47 1 /home 45091 29945 30%
2019-08-10__23:43:47 1 /media/pucy/58C6149DC6147D86 102400 64225 38%
2019-08-10__23:43:47 1 /media/pucy/娱乐 290310 100575 66%
2019-08-10__23:43:47 1 /media/pucy/文档 290810 243883 17%
2019-08-10__23:43:47 1 /media/pucy/soft 167938 163277 3%
2019-08-10__23:43:47 0 disk 942612 631758 33%
2019-08-10__23:43:49 1 / 45083 29056 33%
2019-08-10__23:43:49 1 /boot 980 797 13%
2019-08-10__23:43:49 1 /home 45091 29945 30%
2019-08-10__23:43:49 1 /media/pucy/58C6149DC6147D86 102400 64225 38%
2019-08-10__23:43:49 1 /media/pucy/娱乐 290310 100575 66%
2019-08-10__23:43:49 1 /media/pucy/文档 290810 243883 17%
2019-08-10__23:43:49 1 /media/pucy/soft 167938 163277 3%
2019-08-10__23:43:49 0 disk 942612 631758 33%
2019-08-10__23:43:51 1 / 45083 29056 33%
2019-08-10__23:43:51 1 /boot 980 797 13%
2019-08-10__23:43:51 1 /home 45091 29945 30%
2019-08-10__23:43:51 1 /media/pucy/58C6149DC6147D86 102400 64225 38%
2019-08-10__23:43:51 1 /media/pucy/娱乐 290310 100575 66%
2019-08-10__23:43:51 1 /media/pucy/文档 290810 243883 17%
2019-08-10__23:43:51 1 /media/pucy/soft 167938 163277 3%
2019-08-10__23:43:51 0 disk 942612 631758 33%
2019-08-10__23:43:53 1 / 45083 29056 33%
2019-08-10__23:43:53 1 /boot 980 797 13%
2019-08-10__23:43:53 1 /home 45091 29945 30%
2019-08-10__23:43:53 1 /media/pucy/58C6149DC6147D86 102400 64225 38%
2019-08-10__23:43:53 1 /media/pucy/娱乐 290310 100575 66%
2019-08-10__23:43:53 1 /media/pucy/文档 290810 243883 17%
2019-08-10__23:43:53 1 /media/pucy/soft 167938 163277 3%
2019-08-10__23:43:53 0 disk 942612 631758 33%
2019-08-10__23:43:55 1 / 45083 29056 33%
2019-08-10__23:43:55 1 /boot 980 797 13%
2019-08-10__23:43:55 1 /home 45091 29945 30%
2019-08-10__23:43:55 1 /media/pucy/58C6149DC6147D86 102400 64225 38%
2019-08-10__23:43:55 1 /media/pucy/娱乐 290310 100575 66%
2019-08-10__23:43:55 1 /media/pucy/文档 290810 243883 17%
2019-08-10__23:43:55 1 /media/pucy/soft 167938 163277 3%
2019-08-10__23:43:55 0 disk 942612 631758 33%
2019-08-10__23:43:57 1 / 45083 29056 33%
2019-08-10__23:43:57 1 /boot 980 797 13%
2019-08-10__23:43:57 1 /home 45091 29945 30%
2019-08-10__23:43:57 1 /media/pucy/58C6149DC6147D86 102400 64225 38%
2019-08-10__23:43:57 1 /media/pucy/娱乐 290310 100575 66%
2019-08-10__23:43:57 1 /media/pucy/文档 290810 243883 17%
2019-08-10__23:43:57 1 /media/pucy/soft 167938 163277 3%
2019-08-10__23:43:57 0 disk 942612 631758 33%
2019-08-10__23:43:59 1 / 45083 29056 33%
2019-08-10__23:43:59 1 /boot 980 797 13%
2019-08-10__23:43:59 1 /home 45091 29945 30%
2019-08-10__23:43:59 1 /media/pucy/58C6149DC6147D86 102400 64225 38%
2019-08-10__23:43:59 1 /media/pucy/娱乐 290310 100575 66%
2019-08-10__23:43:59 1 /media/pucy/文档 290810 243883 17%
2019-08-10__23:43:59 1 /media/pucy/soft 167938 163277 3%
2019-08-10__23:43:59 0 disk 942612 631758 33%
2019-08-10__23:44:02 1 / 45083 29056 33%
2019-08-10__23:44:02 1 /boot 980 797 13%
2019-08-10__23:44:02 1 /home 45091 29945 30%
2019-08-10__23:44:02 1 /media/pucy/58C6149DC6147D86 102400 64225 38%
2019-08-10__23:44:02 1 /media/pucy/娱乐 290310 100575 66%
2019-08-10__23:44:02 1 /media/pucy/文档 290810 243883 17%
2019-08-10__23:44:02 1 /media/pucy/soft 167938 163277 3%
2019-08-10__23:44:02 0 disk 942612 631758 33%
2019-08-10__23:44:04 1 / 45083 29056 33%
2019-08-10__23:44:04 1 /boot 980 797 13%
2019-08-10__23:44:04 1 /home 45091 29945 30%
2019-08-10__23:44:04 1 /media/pucy/58C6149DC6147D86 102400 64225 38%
2019-08-10__23:44:04 1 /media/pucy/娱乐 290310 100575 66%
2019-08-10__23:44:04 1 /media/pucy/文档 290810 243883 17%
2019-08-10__23:44:04 1 /media/pucy/soft 167938 163277 3%
2019-08-10__23:44:04 0 disk 942612 631758 33%
2019-08-10__23:44:06 1 / 45083 29056 33%
2019-08-10__23:44:06 1 /boot 980 797 13%
2019-08-10__23:44:06 1 /home 45091 29945 30%
2019-08-10__23:44:06 1 /media/pucy/58C6149DC6147D86 102400 64225 38%
2019-08-10__23:44:06 1 /media/pucy/娱乐 290310 100575 66%
2019-08-10__23:44:06 1 /media/pucy/文档 290810 243883 17%
2019-08-10__23:44:06 1 /media/pucy/soft 167938 163277 3%
2019-08-10__23:44:06 0 disk 942612 631758 33%
2019-08-10__23:44:08 1 / 45083 29056 33%
2019-08-10__23:44:08 1 /boot 980 797 13%
2019-08-10__23:44:08 1 /home 45091 29945 30%
2019-08-10__23:44:08 1 /media/pucy/58C6149DC6147D86 102400 64225 38%
2019-08-10__23:44:08 1 /media/pucy/娱乐 290310 100575 66%
2019-08-10__23:44:08 1 /media/pucy/文档 290810 243883 17%
2019-08-10__23:44:08 1 /media/pucy/soft 167938 163277 3%
2019-08-10__23:44:08 0 disk 942612 631758 33%
2019-08-10__23:44:10 1 / 45083 29056 33%
2019-08-10__23:44:10 1 /boot 980 797 13%
2019-08-10__23:44:10 1 /home 45091 29945 30%
2019-08-10__23:44:10 1 /media/pucy/58C6149DC6147D86 102400 64225 38%
2019-08-10__23:44:10 1 /media/pucy/娱乐 290310 100575 66%
2019-08-10__23:44:10 1 /media/pucy/文档 290810 243883 17%
2019-08-10__23:44:10 1 /media/pucy/soft 167938 163277 3%
2019-08-10__23:44:10 0 disk 942612 631758 33%
2019-08-10__23:44:12 1 / 45083 29056 33%
2019-08-10__23:44:12 1 /boot 980 797 13%
2019-08-10__23:44:12 1 /home 45091 29945 30%
2019-08-10__23:44:12 1 /media/pucy/58C6149DC6147D86 102400 64225 38%
2019-08-10__23:44:12 1 /media/pucy/娱乐 290310 100575 66%
2019-08-10__23:44:12 1 /media/pucy/文档 290810 243883 17%
2019-08-10__23:44:12 1 /media/pucy/soft 167938 163277 3%
2019-08-10__23:44:12 0 disk 942612 631758 33%
2019-08-10__23:44:14 1 / 45083 29056 33%
2019-08-10__23:44:14 1 /boot 980 797 13%
2019-08-10__23:44:14 1 /home 45091 29945 30%
2019-08-10__23:44:14 1 /media/pucy/58C6149DC6147D86 102400 64225 38%
2019-08-10__23:44:14 1 /media/pucy/娱乐 290310 100575 66%
2019-08-10__23:44:14 1 /media/pucy/文档 290810 243883 17%
2019-08-10__23:44:14 1 /media/pucy/soft 167938 163277 3%
2019-08-10__23:44:14 0 disk 942612 631758 33%
2019-08-10__23:58:54 1 / 45083 29056 33%
2019-08-10__23:58:54 1 /boot 980 797 13%
2019-08-10__23:58:54 1 /home 45091 29945 30%
2019-08-10__23:58:54 1 /media/pucy/58C6149DC6147D86 102400 64225 38%
2019-08-10__23:58:54 1 /media/pucy/娱乐 290310 100575 66%
2019-08-10__23:58:54 1 /media/pucy/文档 290810 243883 17%
2019-08-10__23:58:54 1 /media/pucy/soft 167938 163277 3%
2019-08-10__23:58:54 0 disk 942612 631758 33%
2019-08-10__23:58:56 1 / 45083 29056 33%
2019-08-10__23:58:56 1 /boot 980 797 13%
2019-08-10__23:58:56 1 /home 45091 29945 30%
2019-08-10__23:58:56 1 /media/pucy/58C6149DC6147D86 102400 64225 38%
2019-08-10__23:58:56 1 /media/pucy/娱乐 290310 100575 66%
2019-08-10__23:58:56 1 /media/pucy/文档 290810 243883 17%
2019-08-10__23:58:56 1 /media/pucy/soft 167938 163277 3%
2019-08-10__23:58:56 0 disk 942612 631758 33%
2019-08-10__23:58:58 1 / 45083 29056 33%
2019-08-10__23:58:58 1 /boot 980 797 13%
2019-08-10__23:58:58 1 /home 45091 29945 30%
2019-08-10__23:58:58 1 /media/pucy/58C6149DC6147D86 102400 64225 38%
2019-08-10__23:58:58 1 /media/pucy/娱乐 290310 100575 66%
2019-08-10__23:58:58 1 /media/pucy/文档 290810 243883 17%
2019-08-10__23:58:58 1 /media/pucy/soft 167938 163277 3%
2019-08-10__23:58:58 0 disk 942612 631758 33%
2019-08-10__23:59:00 1 / 45083 29056 33%
2019-08-10__23:59:00 1 /boot 980 797 13%
2019-08-10__23:59:00 1 /home 45091 29945 30%
2019-08-10__23:59:00 1 /media/pucy/58C6149DC6147D86 102400 64225 38%
2019-08-10__23:59:00 1 /media/pucy/娱乐 290310 100575 66%
2019-08-10__23:59:00 1 /media/pucy/文档 290810 243883 17%
2019-08-10__23:59:00 1 /media/pucy/soft 167938 163277 3%
2019-08-10__23:59:00 0 disk 942612 631758 33%
2019-08-10__23:59:02 1 / 45083 29056 33%
2019-08-10__23:59:02 1 /boot 980 797 13%
2019-08-10__23:59:02 1 /home 45091 29945 30%
2019-08-10__23:59:02 1 /media/pucy/58C6149DC6147D86 102400 64225 38%
2019-08-10__23:59:02 1 /media/pucy/娱乐 290310 100575 66%
2019-08-10__23:59:02 1 /media/pucy/文档 290810 243883 17%
2019-08-10__23:59:02 1 /media/pucy/soft 167938 163277 3%
2019-08-10__23:59:02 0 disk 942612 631758 33%
2019-08-10__23:59:04 1 / 45083 29056 33%
2019-08-10__23:59:04 1 /boot 980 797 13%
2019-08-10__23:59:04 1 /home 45091 29945 30%
2019-08-10__23:59:04 1 /media/pucy/58C6149DC6147D86 102400 64225 38%
2019-08-10__23:59:04 1 /media/pucy/娱乐 290310 100575 66%
2019-08-10__23:59:04 1 /media/pucy/文档 290810 243883 17%
2019-08-10__23:59:04 1 /media/pucy/soft 167938 163277 3%
2019-08-10__23:59:04 0 disk 942612 631758 33%
2019-08-10__23:59:06 1 / 45083 29056 33%
2019-08-10__23:59:06 1 /boot 980 797 13%
2019-08-10__23:59:06 1 /home 45091 29945 30%
2019-08-10__23:59:06 1 /media/pucy/58C6149DC6147D86 102400 64225 38%
2019-08-10__23:59:06 1 /media/pucy/娱乐 290310 100575 66%
2019-08-10__23:59:06 1 /media/pucy/文档 290810 243883 17%
2019-08-10__23:59:06 1 /media/pucy/soft 167938 163277 3%
2019-08-10__23:59:06 0 disk 942612 631758 33%
2019-08-10__23:59:08 1 / 45083 29056 33%
2019-08-10__23:59:08 1 /boot 980 797 13%
2019-08-10__23:59:08 1 /home 45091 29945 30%
2019-08-10__23:59:08 1 /media/pucy/58C6149DC6147D86 102400 64225 38%
2019-08-10__23:59:08 1 /media/pucy/娱乐 290310 100575 66%
2019-08-10__23:59:08 1 /media/pucy/文档 290810 243883 17%
2019-08-10__23:59:08 1 /media/pucy/soft 167938 163277 3%
2019-08-10__23:59:08 0 disk 942612 631758 33%
2019-08-10__23:59:10 1 / 45083 29056 33%
2019-08-10__23:59:10 1 /boot 980 797 13%
2019-08-10__23:59:10 1 /home 45091 29945 30%
2019-08-10__23:59:10 1 /media/pucy/58C6149DC6147D86 102400 64225 38%
2019-08-10__23:59:10 1 /media/pucy/娱乐 290310 100575 66%
2019-08-10__23:59:10 1 /media/pucy/文档 290810 243883 17%
2019-08-10__23:59:10 1 /media/pucy/soft 167938 163277 3%
2019-08-10__23:59:10 0 disk 942612 631758 33%
2019-08-10__23:59:12 1 / 45083 29056 33%
2019-08-10__23:59:12 1 /boot 980 797 13%
2019-08-10__23:59:12 1 /home 45091 29945 30%
2019-08-10__23:59:12 1 /media/pucy/58C6149DC6147D86 102400 64225 38%
2019-08-10__23:59:12 1 /media/pucy/娱乐 290310 100575 66%
2019-08-10__23:59:12 1 /media/pucy/文档 290810 243883 17%
2019-08-10__23:59:12 1 /media/pucy/soft 167938 163277 3%
2019-08-10__23:59:12 0 disk 942612 631758 33%
2019-08-10__23:59:14 1 / 45083 29056 33%
2019-08-10__23:59:14 1 /boot 980 797 13%
2019-08-10__23:59:14 1 /home 45091 29945 30%
2019-08-10__23:59:14 1 /media/pucy/58C6149DC6147D86 102400 64225 38%
2019-08-10__23:59:14 1 /media/pucy/娱乐 290310 100575 66%
2019-08-10__23:59:14 1 /media/pucy/文档 290810 243883 17%
2019-08-10__23:59:14 1 /media/pucy/soft 167938 163277 3%
2019-08-10__23:59:14 0 disk 942612 631758 33%
2019-08-10__23:59:16 1 / 45083 29056 33%
2019-08-10__23:59:16 1 /boot 980 797 13%
2019-08-10__23:59:16 1 /home 45091 29945 30%
2019-08-10__23:59:16 1 /media/pucy/58C6149DC6147D86 102400 64225 38%
2019-08-10__23:59:16 1 /media/pucy/娱乐 290310 100575 66%
2019-08-10__23:59:16 1 /media/pucy/文档 290810 243883 17%
2019-08-10__23:59:16 1 /media/pucy/soft 167938 163277 3%
2019-08-10__23:59:16 0 disk 942612 631758 33%
2019-08-10__23:59:18 1 / 45083 29056 33%
2019-08-10__23:59:18 1 /boot 980 797 13%
2019-08-10__23:59:18 1 /home 45091 29945 30%
2019-08-10__23:59:18 1 /media/pucy/58C6149DC6147D86 102400 64225 38%
2019-08-10__23:59:18 1 /media/pucy/娱乐 290310 100575 66%
2019-08-10__23:59:18 1 /media/pucy/文档 290810 243883 17%
2019-08-10__23:59:18 1 /media/pucy/soft 167938 163277 3%
2019-08-10__23:59:18 0 disk 942612 631758 33%
2019-08-10__23:59:20 1 / 45083 29056 33%
2019-08-10__23:59:20 1 /boot 980 797 13%
2019-08-10__23:59:20 1 /home 45091 29945 30%
2019-08-10__23:59:20 1 /media/pucy/58C6149DC6147D86 102400 64225 38%
2019-08-10__23:59:20 1 /media/pucy/娱乐 290310 100575 66%
2019-08-10__23:59:20 1 /media/pucy/文档 290810 243883 17%
2019-08-10__23:59:20 1 /media/pucy/soft 167938 163277 3%
2019-08-10__23:59:20 0 disk 942612 631758 33%
2019-08-10__23:59:22 1 / 45083 29056 33%
2019-08-10__23:59:22 1 /boot 980 797 13%
2019-08-10__23:59:22 1 /home 45091 29945 30%
2019-08-10__23:59:22 1 /media/pucy/58C6149DC6147D86 102400 64225 38%
2019-08-10__23:59:22 1 /media/pucy/娱乐 290310 100575 66%
2019-08-10__23:59:22 1 /media/pucy/文档 290810 243883 17%
2019-08-10__23:59:22 1 /media/pucy/soft 167938 163277 3%
2019-08-10__23:59:22 0 disk 942612 631758 33%
